<?xml version="1.0" encoding="UTF-8"?>
<testsuite xmlns:xsi="http://www.w3.org/2001/XMLSchema-instance" xsi:noNamespaceSchemaLocation="https://maven.apache.org/surefire/maven-surefire-plugin/xsd/surefire-test-report-3.0.xsd" version="3.0" name="PaymentTest" time="0.07" tests="9" errors="0" skipped="0" failures="0">
  <properties>
[...]
</properties>
  <testcase name="testInvalidIncomingInterest" classname="PaymentTest" time="0.025"/>
  <testcase name="testCopyConstructor" classname="PaymentTest" time="0.001"/>
  <testcase name="testToString" classname="PaymentTest" time="0.011"/>
  <testcase name="testInvalidOutgoingInterest" classname="PaymentTest" time="0.001"/>
  <testcase name="testCalculateWithIncomingInterest" classname="PaymentTest" time="0.001"/>
  <testcase name="testConstructorWithInterest" classname="PaymentTest" time="0.0"/>
  <testcase name="testCalculateWithOutgoingInterest" classname="PaymentTest" time="0.0"/>
  <testcase name="testEquals" classname="PaymentTest" time="0.001"/>
  <testcase name="testConstructor" classname="PaymentTest" time="0.0"/>
</testsuite>